2026-06-19 16:21:31 [error]: Error: Cannot find module '../models/index'
Require stack:
- C:\Users\Admin\Desktop\AI healthcare\backend\services\notificationService.js
- C:\Users\Admin\Desktop\AI healthcare\backend\controllers\authController.js
- C:\Users\Admin\Desktop\AI healthcare\backend\routes\auth.js
- C:\Users\Admin\Desktop\AI healthcare\backend\server.js
    at Module._resolveFilename (node:internal/modules/cjs/loader:1476:15)
    at wrapResolveFilename (node:internal/modules/cjs/loader:1049:27)
    at defaultResolveImplForCJSLoading (node:internal/modules/cjs/loader:1073:10)
    at resolveForCJSWithHooks (node:internal/modules/cjs/loader:1094:12)
    at Module._load (node:internal/modules/cjs/loader:1262:25)
    at wrapModuleLoad (node:internal/modules/cjs/loader:255:19)
    at Module.require (node:internal/modules/cjs/loader:1576:12)
    at require (node:internal/modules/helpers:153:16)
    at Object.<anonymous> (C:\Users\Admin\Desktop\AI healthcare\backend\services\notificationService.js:1:26)
    at Module._compile (node:internal/modules/cjs/loader:1830:14)
2026-06-19 16:21:31 [error]: Error: Cannot find module '../models/index'
Require stack:
- C:\Users\Admin\Desktop\AI healthcare\backend\services\notificationService.js
- C:\Users\Admin\Desktop\AI healthcare\backend\controllers\authController.js
- C:\Users\Admin\Desktop\AI healthcare\backend\routes\auth.js
- C:\Users\Admin\Desktop\AI healthcare\backend\server.js
    at Module._resolveFilename (node:internal/modules/cjs/loader:1476:15)
    at wrapResolveFilename (node:internal/modules/cjs/loader:1049:27)
    at defaultResolveImplForCJSLoading (node:internal/modules/cjs/loader:1073:10)
    at resolveForCJSWithHooks (node:internal/modules/cjs/loader:1094:12)
    at Module._load (node:internal/modules/cjs/loader:1262:25)
    at wrapModuleLoad (node:internal/modules/cjs/loader:255:19)
    at Module.require (node:internal/modules/cjs/loader:1576:12)
    at require (node:internal/modules/helpers:153:16)
    at Object.<anonymous> (C:\Users\Admin\Desktop\AI healthcare\backend\services\notificationService.js:1:26)
    at Module._compile (node:internal/modules/cjs/loader:1830:14)
2026-06-19 16:24:19 [error]: Error: Cannot find module '../models/index'
Require stack:
- C:\Users\Admin\Desktop\AI healthcare\backend\services\notificationService.js
- C:\Users\Admin\Desktop\AI healthcare\backend\controllers\authController.js
- C:\Users\Admin\Desktop\AI healthcare\backend\routes\auth.js
- C:\Users\Admin\Desktop\AI healthcare\backend\server.js
    at Module._resolveFilename (node:internal/modules/cjs/loader:1476:15)
    at wrapResolveFilename (node:internal/modules/cjs/loader:1049:27)
    at defaultResolveImplForCJSLoading (node:internal/modules/cjs/loader:1073:10)
    at resolveForCJSWithHooks (node:internal/modules/cjs/loader:1094:12)
    at Module._load (node:internal/modules/cjs/loader:1262:25)
    at wrapModuleLoad (node:internal/modules/cjs/loader:255:19)
    at Module.require (node:internal/modules/cjs/loader:1576:12)
    at require (node:internal/modules/helpers:153:16)
    at Object.<anonymous> (C:\Users\Admin\Desktop\AI healthcare\backend\services\notificationService.js:1:26)
    at Module._compile (node:internal/modules/cjs/loader:1830:14)
2026-06-19 16:24:50 [error]: Error: Cannot find module '../models/index'
Require stack:
- C:\Users\Admin\Desktop\AI healthcare\backend\services\notificationService.js
- C:\Users\Admin\Desktop\AI healthcare\backend\controllers\authController.js
- C:\Users\Admin\Desktop\AI healthcare\backend\routes\auth.js
- C:\Users\Admin\Desktop\AI healthcare\backend\server.js
    at Module._resolveFilename (node:internal/modules/cjs/loader:1476:15)
    at wrapResolveFilename (node:internal/modules/cjs/loader:1049:27)
    at defaultResolveImplForCJSLoading (node:internal/modules/cjs/loader:1073:10)
    at resolveForCJSWithHooks (node:internal/modules/cjs/loader:1094:12)
    at Module._load (node:internal/modules/cjs/loader:1262:25)
    at wrapModuleLoad (node:internal/modules/cjs/loader:255:19)
    at Module.require (node:internal/modules/cjs/loader:1576:12)
    at require (node:internal/modules/helpers:153:16)
    at Object.<anonymous> (C:\Users\Admin\Desktop\AI healthcare\backend\services\notificationService.js:1:26)
    at Module._compile (node:internal/modules/cjs/loader:1830:14)
2026-06-19 16:32:50 [error]: Error: Cannot find module '../config/cloudinary'
Require stack:
- C:\Users\Admin\Desktop\AI healthcare\backend\routes\auth.js
- C:\Users\Admin\Desktop\AI healthcare\backend\server.js
    at Module._resolveFilename (node:internal/modules/cjs/loader:1476:15)
    at wrapResolveFilename (node:internal/modules/cjs/loader:1049:27)
    at defaultResolveImplForCJSLoading (node:internal/modules/cjs/loader:1073:10)
    at resolveForCJSWithHooks (node:internal/modules/cjs/loader:1094:12)
    at Module._load (node:internal/modules/cjs/loader:1262:25)
    at wrapModuleLoad (node:internal/modules/cjs/loader:255:19)
    at Module.require (node:internal/modules/cjs/loader:1576:12)
    at require (node:internal/modules/helpers:153:16)
    at Object.<anonymous> (C:\Users\Admin\Desktop\AI healthcare\backend\routes\auth.js:6:27)
    at Module._compile (node:internal/modules/cjs/loader:1830:14)
2026-06-19 16:32:50 [error]: Error: Cannot find module '../config/cloudinary'
Require stack:
- C:\Users\Admin\Desktop\AI healthcare\backend\routes\auth.js
- C:\Users\Admin\Desktop\AI healthcare\backend\server.js
    at Module._resolveFilename (node:internal/modules/cjs/loader:1476:15)
    at wrapResolveFilename (node:internal/modules/cjs/loader:1049:27)
    at defaultResolveImplForCJSLoading (node:internal/modules/cjs/loader:1073:10)
    at resolveForCJSWithHooks (node:internal/modules/cjs/loader:1094:12)
    at Module._load (node:internal/modules/cjs/loader:1262:25)
    at wrapModuleLoad (node:internal/modules/cjs/loader:255:19)
    at Module.require (node:internal/modules/cjs/loader:1576:12)
    at require (node:internal/modules/helpers:153:16)
    at Object.<anonymous> (C:\Users\Admin\Desktop\AI healthcare\backend\routes\auth.js:6:27)
    at Module._compile (node:internal/modules/cjs/loader:1830:14)
2026-06-19 16:33:06 [error]: Error: Cannot find module '../config/cloudinary'
Require stack:
- C:\Users\Admin\Desktop\AI healthcare\backend\routes\auth.js
- C:\Users\Admin\Desktop\AI healthcare\backend\server.js
    at Module._resolveFilename (node:internal/modules/cjs/loader:1476:15)
    at wrapResolveFilename (node:internal/modules/cjs/loader:1049:27)
    at defaultResolveImplForCJSLoading (node:internal/modules/cjs/loader:1073:10)
    at resolveForCJSWithHooks (node:internal/modules/cjs/loader:1094:12)
    at Module._load (node:internal/modules/cjs/loader:1262:25)
    at wrapModuleLoad (node:internal/modules/cjs/loader:255:19)
    at Module.require (node:internal/modules/cjs/loader:1576:12)
    at require (node:internal/modules/helpers:153:16)
    at Object.<anonymous> (C:\Users\Admin\Desktop\AI healthcare\backend\routes\auth.js:6:27)
    at Module._compile (node:internal/modules/cjs/loader:1830:14)
2026-06-19 16:33:06 [error]: Error: Cannot find module '../config/cloudinary'
Require stack:
- C:\Users\Admin\Desktop\AI healthcare\backend\routes\auth.js
- C:\Users\Admin\Desktop\AI healthcare\backend\server.js
    at Module._resolveFilename (node:internal/modules/cjs/loader:1476:15)
    at wrapResolveFilename (node:internal/modules/cjs/loader:1049:27)
    at defaultResolveImplForCJSLoading (node:internal/modules/cjs/loader:1073:10)
    at resolveForCJSWithHooks (node:internal/modules/cjs/loader:1094:12)
    at Module._load (node:internal/modules/cjs/loader:1262:25)
    at wrapModuleLoad (node:internal/modules/cjs/loader:255:19)
    at Module.require (node:internal/modules/cjs/loader:1576:12)
    at require (node:internal/modules/helpers:153:16)
    at Object.<anonymous> (C:\Users\Admin\Desktop\AI healthcare\backend\routes\auth.js:6:27)
    at Module._compile (node:internal/modules/cjs/loader:1830:14)
2026-06-19 16:33:19 [error]: Error: Cannot find module '../config/cloudinary'
Require stack:
- C:\Users\Admin\Desktop\AI healthcare\backend\routes\auth.js
- C:\Users\Admin\Desktop\AI healthcare\backend\server.js
    at Module._resolveFilename (node:internal/modules/cjs/loader:1476:15)
    at wrapResolveFilename (node:internal/modules/cjs/loader:1049:27)
    at defaultResolveImplForCJSLoading (node:internal/modules/cjs/loader:1073:10)
    at resolveForCJSWithHooks (node:internal/modules/cjs/loader:1094:12)
    at Module._load (node:internal/modules/cjs/loader:1262:25)
    at wrapModuleLoad (node:internal/modules/cjs/loader:255:19)
    at Module.require (node:internal/modules/cjs/loader:1576:12)
    at require (node:internal/modules/helpers:153:16)
    at Object.<anonymous> (C:\Users\Admin\Desktop\AI healthcare\backend\routes\auth.js:6:27)
    at Module._compile (node:internal/modules/cjs/loader:1830:14)
2026-06-19 16:34:59 [error]: Error: Cannot find module 'cookie-parser'
Require stack:
- C:\Users\Admin\Desktop\AI healthcare\backend\server.js
    at Module._resolveFilename (node:internal/modules/cjs/loader:1476:15)
    at wrapResolveFilename (node:internal/modules/cjs/loader:1049:27)
    at defaultResolveImplForCJSLoading (node:internal/modules/cjs/loader:1073:10)
    at resolveForCJSWithHooks (node:internal/modules/cjs/loader:1094:12)
    at Module._load (node:internal/modules/cjs/loader:1262:25)
    at wrapModuleLoad (node:internal/modules/cjs/loader:255:19)
    at Module.require (node:internal/modules/cjs/loader:1576:12)
    at require (node:internal/modules/helpers:153:16)
    at Object.<anonymous> (C:\Users\Admin\Desktop\AI healthcare\backend\server.js:89:22)
    at Module._compile (node:internal/modules/cjs/loader:1830:14)
2026-06-19 16:35:00 [error]: Error: Cannot find module 'cookie-parser'
Require stack:
- C:\Users\Admin\Desktop\AI healthcare\backend\server.js
    at Module._resolveFilename (node:internal/modules/cjs/loader:1476:15)
    at wrapResolveFilename (node:internal/modules/cjs/loader:1049:27)
    at defaultResolveImplForCJSLoading (node:internal/modules/cjs/loader:1073:10)
    at resolveForCJSWithHooks (node:internal/modules/cjs/loader:1094:12)
    at Module._load (node:internal/modules/cjs/loader:1262:25)
    at wrapModuleLoad (node:internal/modules/cjs/loader:255:19)
    at Module.require (node:internal/modules/cjs/loader:1576:12)
    at require (node:internal/modules/helpers:153:16)
    at Object.<anonymous> (C:\Users\Admin\Desktop\AI healthcare\backend\server.js:89:22)
    at Module._compile (node:internal/modules/cjs/loader:1830:14)
2026-06-19 16:35:00 [error]: Error: Cannot find module 'cookie-parser'
Require stack:
- C:\Users\Admin\Desktop\AI healthcare\backend\server.js
    at Module._resolveFilename (node:internal/modules/cjs/loader:1476:15)
    at wrapResolveFilename (node:internal/modules/cjs/loader:1049:27)
    at defaultResolveImplForCJSLoading (node:internal/modules/cjs/loader:1073:10)
    at resolveForCJSWithHooks (node:internal/modules/cjs/loader:1094:12)
    at Module._load (node:internal/modules/cjs/loader:1262:25)
    at wrapModuleLoad (node:internal/modules/cjs/loader:255:19)
    at Module.require (node:internal/modules/cjs/loader:1576:12)
    at require (node:internal/modules/helpers:153:16)
    at Object.<anonymous> (C:\Users\Admin\Desktop\AI healthcare\backend\server.js:89:22)
    at Module._compile (node:internal/modules/cjs/loader:1830:14)
2026-06-19 17:05:51 [error]: Error: listen EADDRINUSE: address already in use :::5000
    at Server.setupListenHandle [as _listen2] (node:net:2008:16)
    at listenInCluster (node:net:2065:12)
    at Server.listen (node:net:2170:7)
    at startServer (C:\Users\Admin\Desktop\AI healthcare\backend\server.js:167:12)
    at process.processTicksAndRejections (node:internal/process/task_queues:104:5)
2026-06-19 17:05:51 [error]: Error: listen EADDRINUSE: address already in use :::5000
    at Server.setupListenHandle [as _listen2] (node:net:2008:16)
    at listenInCluster (node:net:2065:12)
    at Server.listen (node:net:2170:7)
    at startServer (C:\Users\Admin\Desktop\AI healthcare\backend\server.js:167:12)
    at process.processTicksAndRejections (node:internal/process/task_queues:104:5)
2026-06-19 17:09:23 [error]: Error: listen EADDRINUSE: address already in use :::5000
    at Server.setupListenHandle [as _listen2] (node:net:2008:16)
    at listenInCluster (node:net:2065:12)
    at Server.listen (node:net:2170:7)
    at startServer (C:\Users\Admin\Desktop\AI healthcare\backend\server.js:167:12)
    at process.processTicksAndRejections (node:internal/process/task_queues:104:5)
2026-06-19 17:09:23 [error]: Error: listen EADDRINUSE: address already in use :::5000
    at Server.setupListenHandle [as _listen2] (node:net:2008:16)
    at listenInCluster (node:net:2065:12)
    at Server.listen (node:net:2170:7)
    at startServer (C:\Users\Admin\Desktop\AI healthcare\backend\server.js:167:12)
    at process.processTicksAndRejections (node:internal/process/task_queues:104:5)
2026-06-19 17:14:56 [error]: Error: listen EADDRINUSE: address already in use :::5000
    at Server.setupListenHandle [as _listen2] (node:net:2008:16)
    at listenInCluster (node:net:2065:12)
    at Server.listen (node:net:2170:7)
    at startServer (C:\Users\Admin\Desktop\AI healthcare\backend\server.js:167:12)
    at process.processTicksAndRejections (node:internal/process/task_queues:104:5)
2026-06-19 17:14:56 [error]: Error: listen EADDRINUSE: address already in use :::5000
    at Server.setupListenHandle [as _listen2] (node:net:2008:16)
    at listenInCluster (node:net:2065:12)
    at Server.listen (node:net:2170:7)
    at startServer (C:\Users\Admin\Desktop\AI healthcare\backend\server.js:167:12)
    at process.processTicksAndRejections (node:internal/process/task_queues:104:5)
2026-06-19 17:17:12 [error]: Error: listen EADDRINUSE: address already in use :::5000
    at Server.setupListenHandle [as _listen2] (node:net:2008:16)
    at listenInCluster (node:net:2065:12)
    at Server.listen (node:net:2170:7)
    at startServer (C:\Users\Admin\Desktop\AI healthcare\backend\server.js:167:12)
    at process.processTicksAndRejections (node:internal/process/task_queues:104:5)
2026-06-19 17:17:23 [error]: Error: listen EADDRINUSE: address already in use :::5000
    at Server.setupListenHandle [as _listen2] (node:net:2008:16)
    at listenInCluster (node:net:2065:12)
    at Server.listen (node:net:2170:7)
    at startServer (C:\Users\Admin\Desktop\AI healthcare\backend\server.js:167:12)
    at process.processTicksAndRejections (node:internal/process/task_queues:104:5)
2026-06-19 17:17:33 [error]: Error: listen EADDRINUSE: address already in use :::5000
    at Server.setupListenHandle [as _listen2] (node:net:2008:16)
    at listenInCluster (node:net:2065:12)
    at Server.listen (node:net:2170:7)
    at startServer (C:\Users\Admin\Desktop\AI healthcare\backend\server.js:167:12)
    at process.processTicksAndRejections (node:internal/process/task_queues:104:5)
2026-06-23 12:10:50 [error]: ReferenceError: consultationRouter is not defined
    at Object.<anonymous> (C:\Users\Admin\Desktop\AI healthcare\backend\routes\index.js:76:3)
    at Module._compile (node:internal/modules/cjs/loader:1830:14)
    at Object..js (node:internal/modules/cjs/loader:1961:10)
    at Module.load (node:internal/modules/cjs/loader:1553:32)
    at Module._load (node:internal/modules/cjs/loader:1355:12)
    at wrapModuleLoad (node:internal/modules/cjs/loader:255:19)
    at Module.require (node:internal/modules/cjs/loader:1576:12)
    at require (node:internal/modules/helpers:153:16)
    at Object.<anonymous> (C:\Users\Admin\Desktop\AI healthcare\backend\server.js:20:138)
    at Module._compile (node:internal/modules/cjs/loader:1830:14)
2026-06-23 12:11:01 [error]: ReferenceError: consultationRouter is not defined
    at Object.<anonymous> (C:\Users\Admin\Desktop\AI healthcare\backend\routes\index.js:76:3)
    at Module._compile (node:internal/modules/cjs/loader:1830:14)
    at Object..js (node:internal/modules/cjs/loader:1961:10)
    at Module.load (node:internal/modules/cjs/loader:1553:32)
    at Module._load (node:internal/modules/cjs/loader:1355:12)
    at wrapModuleLoad (node:internal/modules/cjs/loader:255:19)
    at Module.require (node:internal/modules/cjs/loader:1576:12)
    at require (node:internal/modules/helpers:153:16)
    at Object.<anonymous> (C:\Users\Admin\Desktop\AI healthcare\backend\server.js:20:138)
    at Module._compile (node:internal/modules/cjs/loader:1830:14)
2026-06-23 12:15:19 [error]: ReferenceError: consultationRouter is not defined
    at Object.<anonymous> (C:\Users\Admin\Desktop\AI healthcare\backend\routes\index.js:76:3)
    at Module._compile (node:internal/modules/cjs/loader:1830:14)
    at Object..js (node:internal/modules/cjs/loader:1961:10)
    at Module.load (node:internal/modules/cjs/loader:1553:32)
    at Module._load (node:internal/modules/cjs/loader:1355:12)
    at wrapModuleLoad (node:internal/modules/cjs/loader:255:19)
    at Module.require (node:internal/modules/cjs/loader:1576:12)
    at require (node:internal/modules/helpers:153:16)
    at Object.<anonymous> (C:\Users\Admin\Desktop\AI healthcare\backend\server.js:20:138)
    at Module._compile (node:internal/modules/cjs/loader:1830:14)
2026-06-24 10:56:42 [error]: Error: listen EADDRINUSE: address already in use :::5000
    at Server.setupListenHandle [as _listen2] (node:net:2008:16)
    at listenInCluster (node:net:2065:12)
    at Server.listen (node:net:2170:7)
    at startServer (C:\Users\Admin\Desktop\AI healthcare\backend\server.js:212:12)
    at process.processTicksAndRejections (node:internal/process/task_queues:104:5)
2026-06-24 10:57:03 [error]: Error: listen EADDRINUSE: address already in use :::5000
    at Server.setupListenHandle [as _listen2] (node:net:2008:16)
    at listenInCluster (node:net:2065:12)
    at Server.listen (node:net:2170:7)
    at startServer (C:\Users\Admin\Desktop\AI healthcare\backend\server.js:212:12)
    at process.processTicksAndRejections (node:internal/process/task_queues:104:5)
2026-06-24 11:07:11 [error]: Error: listen EADDRINUSE: address already in use :::5000
    at Server.setupListenHandle [as _listen2] (node:net:2008:16)
    at listenInCluster (node:net:2065:12)
    at Server.listen (node:net:2170:7)
    at startServer (C:\Users\Admin\Desktop\AI healthcare\backend\server.js:212:12)
    at process.processTicksAndRejections (node:internal/process/task_queues:104:5)
2026-06-24 11:27:53 [error]: Error: listen EADDRINUSE: address already in use 0.0.0.0:5000
    at Server.setupListenHandle [as _listen2] (node:net:2008:16)
    at listenInCluster (node:net:2065:12)
    at node:net:2274:7
    at process.processTicksAndRejections (node:internal/process/task_queues:90:21)
2026-06-24 11:28:12 [error]: Error: listen EADDRINUSE: address already in use 0.0.0.0:5000
    at Server.setupListenHandle [as _listen2] (node:net:2008:16)
    at listenInCluster (node:net:2065:12)
    at node:net:2274:7
    at process.processTicksAndRejections (node:internal/process/task_queues:90:21)
2026-06-24 11:39:47 [error]: Error: listen EADDRINUSE: address already in use 0.0.0.0:5000
    at Server.setupListenHandle [as _listen2] (node:net:2008:16)
    at listenInCluster (node:net:2065:12)
    at node:net:2274:7
    at process.processTicksAndRejections (node:internal/process/task_queues:90:21)
2026-06-24 11:40:54 [error]: Error: listen EADDRINUSE: address already in use 0.0.0.0:5000
    at Server.setupListenHandle [as _listen2] (node:net:2008:16)
    at listenInCluster (node:net:2065:12)
    at node:net:2274:7
    at process.processTicksAndRejections (node:internal/process/task_queues:90:21)
2026-06-24 11:48:54 [error]: Error: listen EADDRINUSE: address already in use 0.0.0.0:5000
    at Server.setupListenHandle [as _listen2] (node:net:2008:16)
    at listenInCluster (node:net:2065:12)
    at node:net:2274:7
    at process.processTicksAndRejections (node:internal/process/task_queues:90:21)
2026-06-24 11:49:12 [error]: Error: listen EADDRINUSE: address already in use 0.0.0.0:5000
    at Server.setupListenHandle [as _listen2] (node:net:2008:16)
    at listenInCluster (node:net:2065:12)
    at node:net:2274:7
    at process.processTicksAndRejections (node:internal/process/task_queues:90:21)
2026-06-24 11:49:30 [error]: Error: listen EADDRINUSE: address already in use 0.0.0.0:5000
    at Server.setupListenHandle [as _listen2] (node:net:2008:16)
    at listenInCluster (node:net:2065:12)
    at node:net:2274:7
    at process.processTicksAndRejections (node:internal/process/task_queues:90:21)
2026-06-24 11:50:29 [error]: Error: listen EADDRINUSE: address already in use 0.0.0.0:5000
    at Server.setupListenHandle [as _listen2] (node:net:2008:16)
    at listenInCluster (node:net:2065:12)
    at node:net:2274:7
    at process.processTicksAndRejections (node:internal/process/task_queues:90:21)
2026-06-24 12:04:00 [error]: Error: listen EADDRINUSE: address already in use 0.0.0.0:5000
    at Server.setupListenHandle [as _listen2] (node:net:2008:16)
    at listenInCluster (node:net:2065:12)
    at node:net:2274:7
    at process.processTicksAndRejections (node:internal/process/task_queues:90:21)
2026-06-24 12:04:15 [error]: Error: listen EADDRINUSE: address already in use 0.0.0.0:5000
    at Server.setupListenHandle [as _listen2] (node:net:2008:16)
    at listenInCluster (node:net:2065:12)
    at node:net:2274:7
    at process.processTicksAndRejections (node:internal/process/task_queues:90:21)
2026-06-24 12:04:28 [error]: Error: listen EADDRINUSE: address already in use 0.0.0.0:5000
    at Server.setupListenHandle [as _listen2] (node:net:2008:16)
    at listenInCluster (node:net:2065:12)
    at node:net:2274:7
    at process.processTicksAndRejections (node:internal/process/task_queues:90:21)
2026-06-24 12:04:40 [error]: Error: listen EADDRINUSE: address already in use 0.0.0.0:5000
    at Server.setupListenHandle [as _listen2] (node:net:2008:16)
    at listenInCluster (node:net:2065:12)
    at node:net:2274:7
    at process.processTicksAndRejections (node:internal/process/task_queues:90:21)
2026-06-24 12:04:51 [error]: Error: listen EADDRINUSE: address already in use 0.0.0.0:5000
    at Server.setupListenHandle [as _listen2] (node:net:2008:16)
    at listenInCluster (node:net:2065:12)
    at node:net:2274:7
    at process.processTicksAndRejections (node:internal/process/task_queues:90:21)
2026-06-24 12:05:00 [error]: Error: listen EADDRINUSE: address already in use 0.0.0.0:5000
    at Server.setupListenHandle [as _listen2] (node:net:2008:16)
    at listenInCluster (node:net:2065:12)
    at node:net:2274:7
    at process.processTicksAndRejections (node:internal/process/task_queues:90:21)
2026-06-24 12:05:41 [error]: Error: listen EADDRINUSE: address already in use 0.0.0.0:5000
    at Server.setupListenHandle [as _listen2] (node:net:2008:16)
    at listenInCluster (node:net:2065:12)
    at node:net:2274:7
    at process.processTicksAndRejections (node:internal/process/task_queues:90:21)
2026-06-24 12:14:06 [error]: Error: listen EADDRINUSE: address already in use 0.0.0.0:5000
    at Server.setupListenHandle [as _listen2] (node:net:2008:16)
    at listenInCluster (node:net:2065:12)
    at node:net:2274:7
    at process.processTicksAndRejections (node:internal/process/task_queues:90:21)
2026-06-24 12:14:18 [error]: Error: listen EADDRINUSE: address already in use 0.0.0.0:5000
    at Server.setupListenHandle [as _listen2] (node:net:2008:16)
    at listenInCluster (node:net:2065:12)
    at node:net:2274:7
    at process.processTicksAndRejections (node:internal/process/task_queues:90:21)
2026-06-24 12:14:34 [error]: Error: listen EADDRINUSE: address already in use 0.0.0.0:5000
    at Server.setupListenHandle [as _listen2] (node:net:2008:16)
    at listenInCluster (node:net:2065:12)
    at node:net:2274:7
    at process.processTicksAndRejections (node:internal/process/task_queues:90:21)
2026-06-24 12:14:48 [error]: Error: listen EADDRINUSE: address already in use 0.0.0.0:5000
    at Server.setupListenHandle [as _listen2] (node:net:2008:16)
    at listenInCluster (node:net:2065:12)
    at node:net:2274:7
    at process.processTicksAndRejections (node:internal/process/task_queues:90:21)
2026-06-24 12:14:58 [error]: Error: listen EADDRINUSE: address already in use 0.0.0.0:5000
    at Server.setupListenHandle [as _listen2] (node:net:2008:16)
    at listenInCluster (node:net:2065:12)
    at node:net:2274:7
    at process.processTicksAndRejections (node:internal/process/task_queues:90:21)
2026-06-24 12:15:07 [error]: Error: listen EADDRINUSE: address already in use 0.0.0.0:5000
    at Server.setupListenHandle [as _listen2] (node:net:2008:16)
    at listenInCluster (node:net:2065:12)
    at node:net:2274:7
    at process.processTicksAndRejections (node:internal/process/task_queues:90:21)
2026-06-24 12:15:19 [error]: Error: listen EADDRINUSE: address already in use 0.0.0.0:5000
    at Server.setupListenHandle [as _listen2] (node:net:2008:16)
    at listenInCluster (node:net:2065:12)
    at node:net:2274:7
    at process.processTicksAndRejections (node:internal/process/task_queues:90:21)
2026-06-24 12:15:29 [error]: Error: listen EADDRINUSE: address already in use 0.0.0.0:5000
    at Server.setupListenHandle [as _listen2] (node:net:2008:16)
    at listenInCluster (node:net:2065:12)
    at node:net:2274:7
    at process.processTicksAndRejections (node:internal/process/task_queues:90:21)
2026-06-24 12:15:40 [error]: Error: listen EADDRINUSE: address already in use 0.0.0.0:5000
    at Server.setupListenHandle [as _listen2] (node:net:2008:16)
    at listenInCluster (node:net:2065:12)
    at node:net:2274:7
    at process.processTicksAndRejections (node:internal/process/task_queues:90:21)
